Using pre-set license
Built from '2020.3/release' branch; Version is '2020.3.7f1 (dd97f2c94397) revision 14522354'; Using compiler version '192528614'; Build Type 'Release'
OS: 'Windows 10 Pro; OS build 19042.1237; Version 2009; 64bit' Language: 'en' Physical Memory: 16365 MB
BatchMode: 1, IsHumanControllingUs: 0, StartBugReporterOnCrash: 0, Is64bit: 1, IsPro: 0

 COMMAND LINE ARGUMENTS:
C:\Program Files\Unity\Hub\Editor\2020.3.7f1\Editor\Unity.exe
-adb2
-batchMode
-noUpm
-name
AssetImportWorker0
-projectPath
C:/Users/1/Documents/Unity Rep/HW_Terrain/Patterns
-logFile
Logs/AssetImportWorker0.log
-srvPort
53740
Successfully changed project path to: C:/Users/1/Documents/Unity Rep/HW_Terrain/Patterns
C:/Users/1/Documents/Unity Rep/HW_Terrain/Patterns
Using Asset Import Pipeline V2.
Refreshing native plugins compatible for Editor in 51.36 ms, found 0 plugins.
Preloading 0 native plugins for Editor in 0.00 ms.
Initialize engine version: 2020.3.7f1 (dd97f2c94397)
[Subsystems] Discovering subsystems at path C:/Program Files/Unity/Hub/Editor/2020.3.7f1/Editor/Data/Resources/UnitySubsystems
[Subsystems] Discovering subsystems at path C:/Users/1/Documents/Unity Rep/HW_Terrain/Patterns/Assets
GfxDevice: creating device client; threaded=0
Direct3D:
    Version:  Direct3D 11.0 [level 11.1]
    Renderer: NVIDIA GeForce RTX 2070 (ID=0x1f02)
    Vendor:   
    VRAM:     8031 MB
    Driver:   30.0.14.7111
Initialize mono
Mono path[0] = 'C:/Program Files/Unity/Hub/Editor/2020.3.7f1/Editor/Data/Managed'
Mono path[1] = 'C:/Program Files/Unity/Hub/Editor/2020.3.7f1/Editor/Data/MonoBleedingEdge/lib/mono/unityjit'
Mono config path = 'C:/Program Files/Unity/Hub/Editor/2020.3.7f1/Editor/Data/MonoBleedingEdge/etc'
Using monoOptions --debugger-agent=transport=dt_socket,embedding=1,server=y,suspend=n,address=127.0.0.1:56408
Begin MonoManager ReloadAssembly
Registering precompiled unity dll's ...
Register platform support module: C:/Program Files/Unity/Hub/Editor/2020.3.7f1/Editor/Data/PlaybackEngines/WebGLSupport/UnityEditor.WebGL.Extensions.dll
Register platform support module: C:/Program Files/Unity/Hub/Editor/2020.3.7f1/Editor/Data/PlaybackEngines/WindowsStandaloneSupport/UnityEditor.WindowsStandalone.Extensions.dll
Registered in 0.004917 seconds.
Native extension for WindowsStandalone target not found
Native extension for WebGL target not found
Refreshing native plugins compatible for Editor in 79.93 ms, found 0 plugins.
Preloading 0 native plugins for Editor in 0.00 ms.
Mono: successfully reloaded assembly
- Completed reload, in  7.262 seconds
Platform modules already initialized, skipping
Registering precompiled user dll's ...
Registered in 0.001368 seconds.
Begin MonoManager ReloadAssembly
Native extension for WindowsStandalone target not found
Native extension for WebGL target not found
Refreshing native plugins compatible for Editor in 0.59 ms, found 0 plugins.
Preloading 0 native plugins for Editor in 0.00 ms.
Mono: successfully reloaded assembly
- Completed reload, in  2.219 seconds
Platform modules already initialized, skipping
========================================================================
Worker process is ready to serve import requests
Launched and connected shader compiler UnityShaderCompiler.exe after 0.12 seconds
Refreshing native plugins compatible for Editor in 0.56 ms, found 0 plugins.
Preloading 0 native plugins for Editor in 0.00 ms.
Unloading 1138 Unused Serialized files (Serialized files now loaded: 0)
System memory in use before: 57.5 MB.
System memory in use after: 57.6 MB.

Unloading 9 unused Assets to reduce memory usage. Loaded Objects now: 1582.
Total: 5.796000 ms (FindLiveObjects: 0.520400 ms CreateObjectMapping: 0.073900 ms MarkObjects: 5.067400 ms  DeleteObjects: 0.130000 ms)

========================================================================
Received Import Request.
  path: Assets/Code/Player/UnitClass.cs
  artifactKey: Guid(90419e92befe46a182abe2215d3f5ff6) Importer(815301076,1909f56bfc062723c751e8b465ee728b)
Start importing Assets/Code/Player/UnitClass.cs using Guid(90419e92befe46a182abe2215d3f5ff6) Importer(815301076,1909f56bfc062723c751e8b465ee728b)  -> (artifact id: 'b23282592f1c0379760d5f1a68adaf23') in 0.055134 seconds
  Import took 0.058865 seconds .

========================================================================
Received Import Request.
  Time since last request: 17.232206 seconds.
  path: Assets/Code/Player/UnitFactory.cs
  artifactKey: Guid(0df13568217c457ea9ac14b80d58bb4f) Importer(815301076,1909f56bfc062723c751e8b465ee728b)
Start importing Assets/Code/Player/UnitFactory.cs using Guid(0df13568217c457ea9ac14b80d58bb4f) Importer(815301076,1909f56bfc062723c751e8b465ee728b)  -> (artifact id: '01b454ba3d3caee34468a54b56c78f6d') in 0.027220 seconds
  Import took 0.047883 seconds .

AssetImportWorkerClient::OnTransportError - code=2 error=End of file
